[2021-11-04 17:45:10.146] [exthost] [info] extension host started
[2021-11-04 17:45:10.204] [exthost] [info] ExtensionService#_doActivateExtension vscode.typescript-language-features, startup: false, activationEvent: 'onLanguage:javascript'
[2021-11-04 17:45:10.205] [exthost] [info] ExtensionService#loadCommonJSModule file:///usr/lib/code/extensions/typescript-language-features/dist/extension
[2021-11-04 17:45:10.335] [exthost] [info] ExtensionService#_doActivateExtension vscode.debug-auto-launch, startup: true, activationEvent: '*'
[2021-11-04 17:45:10.335] [exthost] [info] ExtensionService#loadCommonJSModule file:///usr/lib/code/extensions/debug-auto-launch/dist/extension
[2021-11-04 17:45:10.423] [exthost] [info] ExtensionService#_doActivateExtension vscode.git, startup: true, activationEvent: '*', root cause: vscode.github
[2021-11-04 17:45:10.423] [exthost] [info] ExtensionService#loadCommonJSModule file:///usr/lib/code/extensions/git/dist/main
[2021-11-04 17:45:10.656] [exthost] [info] ExtensionService#_doActivateExtension PKief.material-icon-theme, startup: true, activationEvent: '*'
[2021-11-04 17:45:10.656] [exthost] [info] ExtensionService#loadCommonJSModule file:///home/habi/.vscode-oss/extensions/pkief.material-icon-theme-4.10.0/dist/extension
[2021-11-04 17:45:10.913] [exthost] [info] ExtensionService#_doActivateExtension vscode.github, startup: true, activationEvent: '*'
[2021-11-04 17:45:10.913] [exthost] [info] ExtensionService#loadCommonJSModule file:///usr/lib/code/extensions/github/dist/extension.js
[2021-11-04 17:45:10.985] [exthost] [info] eager extensions activated
[2021-11-04 17:45:11.001] [exthost] [info] ExtensionService#_doActivateExtension ms-vscode.js-debug, startup: false, activationEvent: 'onCommand:extension.js-debug.clearAutoAttachVariables'
[2021-11-04 17:45:11.001] [exthost] [info] ExtensionService#loadCommonJSModule file:///usr/lib/code/extensions/ms-vscode.js-debug/src/extension.js
[2021-11-04 17:45:12.189] [exthost] [info] ExtensionService#_doActivateExtension vscode.emmet, startup: false, activationEvent: 'onStartupFinished'
[2021-11-04 17:45:12.189] [exthost] [info] ExtensionService#loadCommonJSModule file:///usr/lib/code/extensions/emmet/dist/node/emmetNodeMain
[2021-11-04 17:45:12.325] [exthost] [info] ExtensionService#_doActivateExtension vscode.merge-conflict, startup: false, activationEvent: 'onStartupFinished'
[2021-11-04 17:45:12.325] [exthost] [info] ExtensionService#loadCommonJSModule file:///usr/lib/code/extensions/merge-conflict/dist/mergeConflictMain
[2021-11-04 17:46:55.053] [exthost] [info] extension host terminating: renderer closed the socket
[2021-11-04 17:46:56.068] [exthost] [info] exiting with code 0
[2021-11-04 17:46:57.681] [exthost] [info] extension host started
[2021-11-04 17:46:57.682] [exthost] [info] Skipping acquiring lock for /home/habi/.config/Code - OSS/User/workspaceStorage/b79e3641b59d49f59cea0cb34e53371d.
[2021-11-04 17:46:57.739] [exthost] [info] ExtensionService#_doActivateExtension vscode.debug-auto-launch, startup: true, activationEvent: '*'
[2021-11-04 17:46:57.740] [exthost] [info] ExtensionService#loadCommonJSModule file:///usr/lib/code/extensions/debug-auto-launch/dist/extension
[2021-11-04 17:46:57.743] [exthost] [info] ExtensionService#_doActivateExtension vscode.git, startup: true, activationEvent: '*', root cause: vscode.github
[2021-11-04 17:46:57.743] [exthost] [info] ExtensionService#loadCommonJSModule file:///usr/lib/code/extensions/git/dist/main
[2021-11-04 17:46:57.759] [exthost] [info] ExtensionService#_doActivateExtension PKief.material-icon-theme, startup: true, activationEvent: '*'
[2021-11-04 17:46:57.759] [exthost] [info] ExtensionService#loadCommonJSModule file:///home/habi/.vscode-oss/extensions/pkief.material-icon-theme-4.10.0/dist/extension
[2021-11-04 17:46:57.853] [exthost] [info] ExtensionService#_doActivateExtension vscode.github, startup: true, activationEvent: '*'
[2021-11-04 17:46:57.854] [exthost] [info] ExtensionService#loadCommonJSModule file:///usr/lib/code/extensions/github/dist/extension.js
[2021-11-04 17:46:57.876] [exthost] [info] ExtensionService#_doActivateExtension ms-vscode.js-debug, startup: false, activationEvent: 'onCommand:extension.js-debug.clearAutoAttachVariables'
[2021-11-04 17:46:57.877] [exthost] [info] ExtensionService#loadCommonJSModule file:///usr/lib/code/extensions/ms-vscode.js-debug/src/extension.js
[2021-11-04 17:46:58.003] [exthost] [info] eager extensions activated
[2021-11-04 17:46:58.067] [exthost] [info] ExtensionService#_doActivateExtension vscode.emmet, startup: false, activationEvent: 'onStartupFinished'
[2021-11-04 17:46:58.067] [exthost] [info] ExtensionService#loadCommonJSModule file:///usr/lib/code/extensions/emmet/dist/node/emmetNodeMain
[2021-11-04 17:46:58.074] [exthost] [info] ExtensionService#_doActivateExtension vscode.merge-conflict, startup: false, activationEvent: 'onStartupFinished'
[2021-11-04 17:46:58.074] [exthost] [info] ExtensionService#loadCommonJSModule file:///usr/lib/code/extensions/merge-conflict/dist/mergeConflictMain
[2021-11-04 17:46:59.238] [exthost] [info] ExtensionService#_doActivateExtension vscode.html-language-features, startup: false, activationEvent: 'onLanguage:html'
[2021-11-04 17:46:59.238] [exthost] [info] ExtensionService#loadCommonJSModule file:///usr/lib/code/extensions/html-language-features/client/dist/node/htmlClientMain
[2021-11-04 17:47:35.398] [exthost] [info] ExtensionService#_doActivateExtension vscode.css-language-features, startup: false, activationEvent: 'onLanguage:css'
[2021-11-04 17:47:35.398] [exthost] [info] ExtensionService#loadCommonJSModule file:///usr/lib/code/extensions/css-language-features/client/dist/node/cssClientMain
[2021-11-04 17:47:48.048] [exthost] [info] ExtensionService#_doActivateExtension vscode.typescript-language-features, startup: false, activationEvent: 'onLanguage:javascript'
[2021-11-04 17:47:48.048] [exthost] [info] ExtensionService#loadCommonJSModule file:///usr/lib/code/extensions/typescript-language-features/dist/extension
[2021-11-04 17:49:00.159] [exthost] [info] ExtensionService#_doActivateExtension vscode.configuration-editing, startup: false, activationEvent: 'onLanguage:json'
[2021-11-04 17:49:00.159] [exthost] [info] ExtensionService#loadCommonJSModule file:///usr/lib/code/extensions/configuration-editing/dist/configurationEditingMain
[2021-11-04 17:49:00.264] [exthost] [info] ExtensionService#_doActivateExtension vscode.extension-editing, startup: false, activationEvent: 'onLanguage:json'
[2021-11-04 17:49:00.264] [exthost] [info] ExtensionService#loadCommonJSModule file:///usr/lib/code/extensions/extension-editing/dist/extensionEditingMain
[2021-11-04 17:49:00.313] [exthost] [info] ExtensionService#_doActivateExtension vscode.json-language-features, startup: false, activationEvent: 'onLanguage:json'
[2021-11-04 17:49:00.313] [exthost] [info] ExtensionService#loadCommonJSModule file:///usr/lib/code/extensions/json-language-features/client/dist/node/jsonClientMain
[2021-11-04 17:49:00.401] [exthost] [info] ExtensionService#_doActivateExtension vscode.npm, startup: false, activationEvent: 'onLanguage:json'
[2021-11-04 17:49:00.401] [exthost] [info] ExtensionService#loadCommonJSModule file:///usr/lib/code/extensions/npm/dist/npmMain
[2021-11-04 17:50:55.423] [exthost] [info] ExtensionService#_doActivateExtension vscode.markdown-language-features, startup: false, activationEvent: 'onLanguage:markdown'
[2021-11-04 17:50:55.423] [exthost] [info] ExtensionService#loadCommonJSModule file:///usr/lib/code/extensions/markdown-language-features/dist/extension
[2021-11-04 17:50:55.702] [exthost] [info] ExtensionService#_doActivateExtension vscode.markdown-math, startup: false, activationEvent: 'api', root cause: vscode.markdown-language-features
[2021-11-04 17:50:55.702] [exthost] [info] ExtensionService#loadCommonJSModule file:///usr/lib/code/extensions/markdown-math/dist/extension
[2021-11-04 18:38:52.811] [exthost] [error] [vscode.typescript-language-features] provider FAILED
[2021-11-04 18:38:52.811] [exthost] [error] Error: <semantic> TypeScript Server Error (4.4.3)
Debug Failure. Did not expect JsxClosingFragment to have an Identifier in its trivia
Error: Debug Failure. Did not expect JsxClosingFragment to have an Identifier in its trivia
    at addSyntheticNodes (/usr/lib/code/extensions/node_modules/typescript/lib/tsserver.js:155629:30)
    at createChildren (/usr/lib/code/extensions/node_modules/typescript/lib/tsserver.js:155618:9)
    at NodeObject.getChildren (/usr/lib/code/extensions/node_modules/typescript/lib/tsserver.js:155562:56)
    at find (/usr/lib/code/extensions/node_modules/typescript/lib/tsserver.js:121609:30)
    at find (/usr/lib/code/extensions/node_modules/typescript/lib/tsserver.js:121643:32)
    at find (/usr/lib/code/extensions/node_modules/typescript/lib/tsserver.js:121643:32)
    at find (/usr/lib/code/extensions/node_modules/typescript/lib/tsserver.js:121643:32)
    at find (/usr/lib/code/extensions/node_modules/typescript/lib/tsserver.js:121643:32)
    at find (/usr/lib/code/extensions/node_modules/typescript/lib/tsserver.js:121643:32)
    at Object.findPrecedingToken (/usr/lib/code/extensions/node_modules/typescript/lib/tsserver.js:121602:22)
    at getRelevantTokens (/usr/lib/code/extensions/node_modules/typescript/lib/tsserver.js:128073:36)
    at Object.getCompletionsAtPosition (/usr/lib/code/extensions/node_modules/typescript/lib/tsserver.js:125913:33)
    at Proxy.getCompletionsAtPosition (/usr/lib/code/extensions/node_modules/typescript/lib/tsserver.js:156793:35)
    at IOSession.Session.getCompletions (/usr/lib/code/extensions/node_modules/typescript/lib/tsserver.js:168231:64)
    at Session.handlers.ts.Map.ts.getEntries._a.<computed> (/usr/lib/code/extensions/node_modules/typescript/lib/tsserver.js:167078:61)
    at /usr/lib/code/extensions/node_modules/typescript/lib/tsserver.js:168880:88
    at IOSession.Session.executeWithRequestId (/usr/lib/code/extensions/node_modules/typescript/lib/tsserver.js:168871:28)
    at IOSession.Session.executeCommand (/usr/lib/code/extensions/node_modules/typescript/lib/tsserver.js:168880:33)
    at IOSession.Session.onMessage (/usr/lib/code/extensions/node_modules/typescript/lib/tsserver.js:168906:35)
    at Interface.<anonymous> (/usr/lib/code/extensions/node_modules/typescript/lib/tsserver.js:171511:31)
    at Interface.emit (events.js:315:20)
    at Interface._onLine (readline.js:337:10)
    at Interface._normalWrite (readline.js:482:12)
    at Socket.ondata (readline.js:194:10)
    at Socket.emit (events.js:315:20)
    at addChunk (internal/streams/readable.js:309:12)
    at readableAddChunk (internal/streams/readable.js:284:9)
    at Socket.Readable.push (internal/streams/readable.js:223:10)
    at Pipe.onStreamRead (internal/stream_base_commons.js:188:23)
	at Function.create (/usr/lib/code/extensions/typescript-language-features/dist/extension.js:1:459856)
	at dispatchResponse (/usr/lib/code/extensions/typescript-language-features/dist/extension.js:1:453692)
	at dispatchMessage (/usr/lib/code/extensions/typescript-language-features/dist/extension.js:1:452549)
	at /usr/lib/code/extensions/typescript-language-features/dist/extension.js:1:452034
	at a.fire (/usr/lib/code/out/vs/workbench/services/extensions/node/extensionHostProcess.js:66:1712)
	at m.onLengthData (/usr/lib/code/extensions/typescript-language-features/dist/extension.js:1:462785)
	at Socket.<anonymous> (/usr/lib/code/extensions/typescript-language-features/dist/extension.js:1:462432)
	at Socket.emit (events.js:315:20)
	at addChunk (internal/streams/readable.js:309:12)
	at readableAddChunk (internal/streams/readable.js:284:9)
	at Socket.Readable.push (internal/streams/readable.js:223:10)
	at Pipe.onStreamRead (internal/stream_base_commons.js:188:23)
[2021-11-04 18:38:53.021] [exthost] [error] [vscode.typescript-language-features] provider FAILED
[2021-11-04 18:38:53.021] [exthost] [error] Error: <semantic> TypeScript Server Error (4.4.3)
Debug Failure. Did not expect JsxClosingFragment to have an Identifier in its trivia
Error: Debug Failure. Did not expect JsxClosingFragment to have an Identifier in its trivia
    at addSyntheticNodes (/usr/lib/code/extensions/node_modules/typescript/lib/tsserver.js:155629:30)
    at createChildren (/usr/lib/code/extensions/node_modules/typescript/lib/tsserver.js:155618:9)
    at NodeObject.getChildren (/usr/lib/code/extensions/node_modules/typescript/lib/tsserver.js:155562:56)
    at getTokenAtPositionWorker (/usr/lib/code/extensions/node_modules/typescript/lib/tsserver.js:121524:43)
    at Object.getTokenAtPosition (/usr/lib/code/extensions/node_modules/typescript/lib/tsserver.js:121516:16)
    at getInfo (/usr/lib/code/extensions/node_modules/typescript/lib/tsserver.js:150765:28)
    at Object.getAvailableActions (/usr/lib/code/extensions/node_modules/typescript/lib/tsserver.js:150735:28)
    at /usr/lib/code/extensions/node_modules/typescript/lib/tsserver.js:142780:30
    at getIterator (/usr/lib/code/extensions/node_modules/typescript/lib/tsserver.js:573:23)
    at Object.flatMapIterator (/usr/lib/code/extensions/node_modules/typescript/lib/tsserver.js:556:27)
    at Object.getApplicableRefactors (/usr/lib/code/extensions/node_modules/typescript/lib/tsserver.js:142776:36)
    at Proxy.getApplicableRefactors (/usr/lib/code/extensions/node_modules/typescript/lib/tsserver.js:157560:32)
    at IOSession.Session.getApplicableRefactors (/usr/lib/code/extensions/node_modules/typescript/lib/tsserver.js:168512:53)
    at Session.handlers.ts.Map.ts.getEntries._a.<computed> (/usr/lib/code/extensions/node_modules/typescript/lib/tsserver.js:167223:61)
    at /usr/lib/code/extensions/node_modules/typescript/lib/tsserver.js:168880:88
    at IOSession.Session.executeWithRequestId (/usr/lib/code/extensions/node_modules/typescript/lib/tsserver.js:168871:28)
    at IOSession.Session.executeCommand (/usr/lib/code/extensions/node_modules/typescript/lib/tsserver.js:168880:33)
    at IOSession.Session.onMessage (/usr/lib/code/extensions/node_modules/typescript/lib/tsserver.js:168906:35)
    at Interface.<anonymous> (/usr/lib/code/extensions/node_modules/typescript/lib/tsserver.js:171511:31)
    at Interface.emit (events.js:315:20)
    at Interface._onLine (readline.js:337:10)
    at Interface._normalWrite (readline.js:482:12)
    at Socket.ondata (readline.js:194:10)
    at Socket.emit (events.js:315:20)
    at addChunk (internal/streams/readable.js:309:12)
    at readableAddChunk (internal/streams/readable.js:284:9)
    at Socket.Readable.push (internal/streams/readable.js:223:10)
    at Pipe.onStreamRead (internal/stream_base_commons.js:188:23)
	at Function.create (/usr/lib/code/extensions/typescript-language-features/dist/extension.js:1:459856)
	at dispatchResponse (/usr/lib/code/extensions/typescript-language-features/dist/extension.js:1:453692)
	at dispatchMessage (/usr/lib/code/extensions/typescript-language-features/dist/extension.js:1:452549)
	at /usr/lib/code/extensions/typescript-language-features/dist/extension.js:1:452034
	at a.fire (/usr/lib/code/out/vs/workbench/services/extensions/node/extensionHostProcess.js:66:1712)
	at m.onLengthData (/usr/lib/code/extensions/typescript-language-features/dist/extension.js:1:462785)
	at Socket.<anonymous> (/usr/lib/code/extensions/typescript-language-features/dist/extension.js:1:462432)
	at Socket.emit (events.js:315:20)
	at addChunk (internal/streams/readable.js:309:12)
	at readableAddChunk (internal/streams/readable.js:284:9)
	at Socket.Readable.push (internal/streams/readable.js:223:10)
	at Pipe.onStreamRead (internal/stream_base_commons.js:188:23)
[2021-11-04 18:38:53.288] [exthost] [error] [vscode.typescript-language-features] provider FAILED
[2021-11-04 18:38:53.288] [exthost] [error] Error: <semantic> TypeScript Server Error (4.4.3)
Debug Failure. Did not expect JsxClosingFragment to have an Identifier in its trivia
Error: Debug Failure. Did not expect JsxClosingFragment to have an Identifier in its trivia
    at addSyntheticNodes (/usr/lib/code/extensions/node_modules/typescript/lib/tsserver.js:155629:30)
    at createChildren (/usr/lib/code/extensions/node_modules/typescript/lib/tsserver.js:155618:9)
    at NodeObject.getChildren (/usr/lib/code/extensions/node_modules/typescript/lib/tsserver.js:155562:56)
    at find (/usr/lib/code/extensions/node_modules/typescript/lib/tsserver.js:121609:30)
    at find (/usr/lib/code/extensions/node_modules/typescript/lib/tsserver.js:121643:32)
    at find (/usr/lib/code/extensions/node_modules/typescript/lib/tsserver.js:121643:32)
    at find (/usr/lib/code/extensions/node_modules/typescript/lib/tsserver.js:121643:32)
    at find (/usr/lib/code/extensions/node_modules/typescript/lib/tsserver.js:121643:32)
    at find (/usr/lib/code/extensions/node_modules/typescript/lib/tsserver.js:121643:32)
    at Object.findPrecedingToken (/usr/lib/code/extensions/node_modules/typescript/lib/tsserver.js:121602:22)
    at getRelevantTokens (/usr/lib/code/extensions/node_modules/typescript/lib/tsserver.js:128073:36)
    at Object.getCompletionsAtPosition (/usr/lib/code/extensions/node_modules/typescript/lib/tsserver.js:125913:33)
    at Proxy.getCompletionsAtPosition (/usr/lib/code/extensions/node_modules/typescript/lib/tsserver.js:156793:35)
    at IOSession.Session.getCompletions (/usr/lib/code/extensions/node_modules/typescript/lib/tsserver.js:168231:64)
    at Session.handlers.ts.Map.ts.getEntries._a.<computed> (/usr/lib/code/extensions/node_modules/typescript/lib/tsserver.js:167078:61)
    at /usr/lib/code/extensions/node_modules/typescript/lib/tsserver.js:168880:88
    at IOSession.Session.executeWithRequestId (/usr/lib/code/extensions/node_modules/typescript/lib/tsserver.js:168871:28)
    at IOSession.Session.executeCommand (/usr/lib/code/extensions/node_modules/typescript/lib/tsserver.js:168880:33)
    at IOSession.Session.onMessage (/usr/lib/code/extensions/node_modules/typescript/lib/tsserver.js:168906:35)
    at Interface.<anonymous> (/usr/lib/code/extensions/node_modules/typescript/lib/tsserver.js:171511:31)
    at Interface.emit (events.js:315:20)
    at Interface._onLine (readline.js:337:10)
    at Interface._normalWrite (readline.js:482:12)
    at Socket.ondata (readline.js:194:10)
    at Socket.emit (events.js:315:20)
    at addChunk (internal/streams/readable.js:309:12)
    at readableAddChunk (internal/streams/readable.js:284:9)
    at Socket.Readable.push (internal/streams/readable.js:223:10)
    at Pipe.onStreamRead (internal/stream_base_commons.js:188:23)
	at Function.create (/usr/lib/code/extensions/typescript-language-features/dist/extension.js:1:459856)
	at dispatchResponse (/usr/lib/code/extensions/typescript-language-features/dist/extension.js:1:453692)
	at dispatchMessage (/usr/lib/code/extensions/typescript-language-features/dist/extension.js:1:452549)
	at /usr/lib/code/extensions/typescript-language-features/dist/extension.js:1:452034
	at a.fire (/usr/lib/code/out/vs/workbench/services/extensions/node/extensionHostProcess.js:66:1712)
	at m.onLengthData (/usr/lib/code/extensions/typescript-language-features/dist/extension.js:1:462785)
	at Socket.<anonymous> (/usr/lib/code/extensions/typescript-language-features/dist/extension.js:1:462432)
	at Socket.emit (events.js:315:20)
	at addChunk (internal/streams/readable.js:309:12)
	at readableAddChunk (internal/streams/readable.js:284:9)
	at Socket.Readable.push (internal/streams/readable.js:223:10)
	at Pipe.onStreamRead (internal/stream_base_commons.js:188:23)
[2021-11-04 18:38:54.331] [exthost] [error] [vscode.typescript-language-features] provider FAILED
[2021-11-04 18:38:54.331] [exthost] [error] Error: <semantic> TypeScript Server Error (4.4.3)
Debug Failure. Did not expect JsxClosingFragment to have an Identifier in its trivia
Error: Debug Failure. Did not expect JsxClosingFragment to have an Identifier in its trivia
    at addSyntheticNodes (/usr/lib/code/extensions/node_modules/typescript/lib/tsserver.js:155629:30)
    at createChildren (/usr/lib/code/extensions/node_modules/typescript/lib/tsserver.js:155618:9)
    at NodeObject.getChildren (/usr/lib/code/extensions/node_modules/typescript/lib/tsserver.js:155562:56)
    at getTokenAtPositionWorker (/usr/lib/code/extensions/node_modules/typescript/lib/tsserver.js:121524:43)
    at Object.getTokenAtPosition (/usr/lib/code/extensions/node_modules/typescript/lib/tsserver.js:121516:16)
    at getInfo (/usr/lib/code/extensions/node_modules/typescript/lib/tsserver.js:150765:28)
    at Object.getAvailableActions (/usr/lib/code/extensions/node_modules/typescript/lib/tsserver.js:150735:28)
    at /usr/lib/code/extensions/node_modules/typescript/lib/tsserver.js:142780:30
    at getIterator (/usr/lib/code/extensions/node_modules/typescript/lib/tsserver.js:573:23)
    at Object.flatMapIterator (/usr/lib/code/extensions/node_modules/typescript/lib/tsserver.js:556:27)
    at Object.getApplicableRefactors (/usr/lib/code/extensions/node_modules/typescript/lib/tsserver.js:142776:36)
    at Proxy.getApplicableRefactors (/usr/lib/code/extensions/node_modules/typescript/lib/tsserver.js:157560:32)
    at IOSession.Session.getApplicableRefactors (/usr/lib/code/extensions/node_modules/typescript/lib/tsserver.js:168512:53)
    at Session.handlers.ts.Map.ts.getEntries._a.<computed> (/usr/lib/code/extensions/node_modules/typescript/lib/tsserver.js:167223:61)
    at /usr/lib/code/extensions/node_modules/typescript/lib/tsserver.js:168880:88
    at IOSession.Session.executeWithRequestId (/usr/lib/code/extensions/node_modules/typescript/lib/tsserver.js:168871:28)
    at IOSession.Session.executeCommand (/usr/lib/code/extensions/node_modules/typescript/lib/tsserver.js:168880:33)
    at IOSession.Session.onMessage (/usr/lib/code/extensions/node_modules/typescript/lib/tsserver.js:168906:35)
    at Interface.<anonymous> (/usr/lib/code/extensions/node_modules/typescript/lib/tsserver.js:171511:31)
    at Interface.emit (events.js:315:20)
    at Interface._onLine (readline.js:337:10)
    at Interface._normalWrite (readline.js:482:12)
    at Socket.ondata (readline.js:194:10)
    at Socket.emit (events.js:315:20)
    at addChunk (internal/streams/readable.js:309:12)
    at readableAddChunk (internal/streams/readable.js:284:9)
    at Socket.Readable.push (internal/streams/readable.js:223:10)
    at Pipe.onStreamRead (internal/stream_base_commons.js:188:23)
	at Function.create (/usr/lib/code/extensions/typescript-language-features/dist/extension.js:1:459856)
	at dispatchResponse (/usr/lib/code/extensions/typescript-language-features/dist/extension.js:1:453692)
	at dispatchMessage (/usr/lib/code/extensions/typescript-language-features/dist/extension.js:1:452549)
	at /usr/lib/code/extensions/typescript-language-features/dist/extension.js:1:452034
	at a.fire (/usr/lib/code/out/vs/workbench/services/extensions/node/extensionHostProcess.js:66:1712)
	at m.onLengthData (/usr/lib/code/extensions/typescript-language-features/dist/extension.js:1:462785)
	at Socket.<anonymous> (/usr/lib/code/extensions/typescript-language-features/dist/extension.js:1:462432)
	at Socket.emit (events.js:315:20)
	at addChunk (internal/streams/readable.js:309:12)
	at readableAddChunk (internal/streams/readable.js:284:9)
	at Socket.Readable.push (internal/streams/readable.js:223:10)
	at Pipe.onStreamRead (internal/stream_base_commons.js:188:23)
[2021-11-04 18:38:54.627] [exthost] [error] [vscode.typescript-language-features] provider FAILED
[2021-11-04 18:38:54.627] [exthost] [error] Error: <semantic> TypeScript Server Error (4.4.3)
Debug Failure. Did not expect JsxClosingFragment to have an Identifier in its trivia
Error: Debug Failure. Did not expect JsxClosingFragment to have an Identifier in its trivia
    at addSyntheticNodes (/usr/lib/code/extensions/node_modules/typescript/lib/tsserver.js:155629:30)
    at createChildren (/usr/lib/code/extensions/node_modules/typescript/lib/tsserver.js:155618:9)
    at NodeObject.getChildren (/usr/lib/code/extensions/node_modules/typescript/lib/tsserver.js:155562:56)
    at getTokenAtPositionWorker (/usr/lib/code/extensions/node_modules/typescript/lib/tsserver.js:121524:43)
    at getTouchingToken (/usr/lib/code/extensions/node_modules/typescript/lib/tsserver.js:121511:16)
    at Object.getTouchingPropertyName (/usr/lib/code/extensions/node_modules/typescript/lib/tsserver.js:121503:16)
    at Object.getDocumentHighlights (/usr/lib/code/extensions/node_modules/typescript/lib/tsserver.js:128567:27)
    at Proxy.getDocumentHighlights (/usr/lib/code/extensions/node_modules/typescript/lib/tsserver.js:156894:42)
    at IOSession.Session.getDocumentHighlights (/usr/lib/code/extensions/node_modules/typescript/lib/tsserver.js:167883:71)
    at Session.handlers.ts.Map.ts.getEntries._a.<computed> (/usr/lib/code/extensions/node_modules/typescript/lib/tsserver.js:167185:61)
    at /usr/lib/code/extensions/node_modules/typescript/lib/tsserver.js:168880:88
    at IOSession.Session.executeWithRequestId (/usr/lib/code/extensions/node_modules/typescript/lib/tsserver.js:168871:28)
    at IOSession.Session.executeCommand (/usr/lib/code/extensions/node_modules/typescript/lib/tsserver.js:168880:33)
    at IOSession.Session.onMessage (/usr/lib/code/extensions/node_modules/typescript/lib/tsserver.js:168906:35)
    at Interface.<anonymous> (/usr/lib/code/extensions/node_modules/typescript/lib/tsserver.js:171511:31)
    at Interface.emit (events.js:315:20)
    at Interface._onLine (readline.js:337:10)
    at Interface._normalWrite (readline.js:482:12)
    at Socket.ondata (readline.js:194:10)
    at Socket.emit (events.js:315:20)
    at addChunk (internal/streams/readable.js:309:12)
    at readableAddChunk (internal/streams/readable.js:284:9)
    at Socket.Readable.push (internal/streams/readable.js:223:10)
    at Pipe.onStreamRead (internal/stream_base_commons.js:188:23)
	at Function.create (/usr/lib/code/extensions/typescript-language-features/dist/extension.js:1:459856)
	at dispatchResponse (/usr/lib/code/extensions/typescript-language-features/dist/extension.js:1:453692)
	at dispatchMessage (/usr/lib/code/extensions/typescript-language-features/dist/extension.js:1:452549)
	at /usr/lib/code/extensions/typescript-language-features/dist/extension.js:1:452034
	at a.fire (/usr/lib/code/out/vs/workbench/services/extensions/node/extensionHostProcess.js:66:1712)
	at m.onLengthData (/usr/lib/code/extensions/typescript-language-features/dist/extension.js:1:462785)
	at Socket.<anonymous> (/usr/lib/code/extensions/typescript-language-features/dist/extension.js:1:462432)
	at Socket.emit (events.js:315:20)
	at addChunk (internal/streams/readable.js:309:12)
	at readableAddChunk (internal/streams/readable.js:284:9)
	at Socket.Readable.push (internal/streams/readable.js:223:10)
	at Pipe.onStreamRead (internal/stream_base_commons.js:188:23)
[2021-11-04 18:38:54.874] [exthost] [error] [vscode.typescript-language-features] provider FAILED
[2021-11-04 18:38:54.874] [exthost] [error] Error: <semantic> TypeScript Server Error (4.4.3)
Debug Failure. Did not expect JsxClosingFragment to have an Identifier in its trivia
Error: Debug Failure. Did not expect JsxClosingFragment to have an Identifier in its trivia
    at addSyntheticNodes (/usr/lib/code/extensions/node_modules/typescript/lib/tsserver.js:155629:30)
    at createChildren (/usr/lib/code/extensions/node_modules/typescript/lib/tsserver.js:155618:9)
    at NodeObject.getChildren (/usr/lib/code/extensions/node_modules/typescript/lib/tsserver.js:155562:56)
    at getTokenAtPositionWorker (/usr/lib/code/extensions/node_modules/typescript/lib/tsserver.js:121524:43)
    at Object.getTokenAtPosition (/usr/lib/code/extensions/node_modules/typescript/lib/tsserver.js:121516:16)
    at getInfo (/usr/lib/code/extensions/node_modules/typescript/lib/tsserver.js:150765:28)
    at Object.getAvailableActions (/usr/lib/code/extensions/node_modules/typescript/lib/tsserver.js:150735:28)
    at /usr/lib/code/extensions/node_modules/typescript/lib/tsserver.js:142780:30
    at getIterator (/usr/lib/code/extensions/node_modules/typescript/lib/tsserver.js:573:23)
    at Object.flatMapIterator (/usr/lib/code/extensions/node_modules/typescript/lib/tsserver.js:556:27)
    at Object.getApplicableRefactors (/usr/lib/code/extensions/node_modules/typescript/lib/tsserver.js:142776:36)
    at Proxy.getApplicableRefactors (/usr/lib/code/extensions/node_modules/typescript/lib/tsserver.js:157560:32)
    at IOSession.Session.getApplicableRefactors (/usr/lib/code/extensions/node_modules/typescript/lib/tsserver.js:168512:53)
    at Session.handlers.ts.Map.ts.getEntries._a.<computed> (/usr/lib/code/extensions/node_modules/typescript/lib/tsserver.js:167223:61)
    at /usr/lib/code/extensions/node_modules/typescript/lib/tsserver.js:168880:88
    at IOSession.Session.executeWithRequestId (/usr/lib/code/extensions/node_modules/typescript/lib/tsserver.js:168871:28)
    at IOSession.Session.executeCommand (/usr/lib/code/extensions/node_modules/typescript/lib/tsserver.js:168880:33)
    at IOSession.Session.onMessage (/usr/lib/code/extensions/node_modules/typescript/lib/tsserver.js:168906:35)
    at Interface.<anonymous> (/usr/lib/code/extensions/node_modules/typescript/lib/tsserver.js:171511:31)
    at Interface.emit (events.js:315:20)
    at Interface._onLine (readline.js:337:10)
    at Interface._normalWrite (readline.js:482:12)
    at Socket.ondata (readline.js:194:10)
    at Socket.emit (events.js:315:20)
    at addChunk (internal/streams/readable.js:309:12)
    at readableAddChunk (internal/streams/readable.js:284:9)
    at Socket.Readable.push (internal/streams/readable.js:223:10)
    at Pipe.onStreamRead (internal/stream_base_commons.js:188:23)
	at Function.create (/usr/lib/code/extensions/typescript-language-features/dist/extension.js:1:459856)
	at dispatchResponse (/usr/lib/code/extensions/typescript-language-features/dist/extension.js:1:453692)
	at dispatchMessage (/usr/lib/code/extensions/typescript-language-features/dist/extension.js:1:452549)
	at /usr/lib/code/extensions/typescript-language-features/dist/extension.js:1:452034
	at a.fire (/usr/lib/code/out/vs/workbench/services/extensions/node/extensionHostProcess.js:66:1712)
	at m.onLengthData (/usr/lib/code/extensions/typescript-language-features/dist/extension.js:1:462785)
	at Socket.<anonymous> (/usr/lib/code/extensions/typescript-language-features/dist/extension.js:1:462432)
	at Socket.emit (events.js:315:20)
	at addChunk (internal/streams/readable.js:309:12)
	at readableAddChunk (internal/streams/readable.js:284:9)
	at Socket.Readable.push (internal/streams/readable.js:223:10)
	at Pipe.onStreamRead (internal/stream_base_commons.js:188:23)
[2021-11-04 20:33:26.345] [exthost] [info] extension host terminating: renderer closed the socket
[2021-11-04 20:33:27.396] [exthost] [info] exiting with code 0
