La validación encontró Git en: git
Usando GIT 2.33.1 desde git
Opening repository for path='/home/habi/.config/spectrwm' failed; ex=Failed to execute git {
  "exitCode": 128,
  "gitErrorCode": "NotAGitRepository",
  "gitCommand": "rev-parse",
  "stdout": "",
  "stderr": "fatal: not a git repository (or any parent up to mount point /)\nStopping at filesystem boundary (GIT_DISCOVERY_ACROSS_FILESYSTEM not set).\n"
}
Opening repository for path='/home/habi/.config/spectrwm' failed; ex=Failed to execute git {
  "exitCode": 128,
  "gitErrorCode": "NotAGitRepository",
  "gitCommand": "rev-parse",
  "stdout": "",
  "stderr": "fatal: not a git repository (or any parent up to mount point /)\nStopping at filesystem boundary (GIT_DISCOVERY_ACROSS_FILESYSTEM not set).\n"
}
Opening repository for path='/home/habi/.config/spectrwm/README.es.md' failed; ex=Error: spawn ENOTDIR
Opening repository for path='/home/habi/.config/spectrwm/README.md' failed; ex=Error: spawn ENOTDIR
Opening repository for path='/home/habi/.config/spectrwm/autostart.sh' failed; ex=Error: spawn ENOTDIR
Opening repository for path='/home/habi/.config/spectrwm/baraction.sh' failed; ex=Error: spawn ENOTDIR
Opening repository for path='/home/habi/.config/spectrwm/spectrwm.conf' failed; ex=Error: spawn ENOTDIR
Opening repository for path='/home/habi/.config/spectrwm' failed; ex=Failed to execute git {
  "exitCode": 128,
  "gitErrorCode": "NotAGitRepository",
  "gitCommand": "rev-parse",
  "stdout": "",
  "stderr": "fatal: not a git repository (or any parent up to mount point /)\nStopping at filesystem boundary (GIT_DISCOVERY_ACROSS_FILESYSTEM not set).\n"
}
Opening repository for path='/home/habi/.config/spectrwm' failed; ex=Failed to execute git {
  "exitCode": 128,
  "gitErrorCode": "NotAGitRepository",
  "gitCommand": "rev-parse",
  "stdout": "",
  "stderr": "fatal: not a git repository (or any parent up to mount point /)\nStopping at filesystem boundary (GIT_DISCOVERY_ACROSS_FILESYSTEM not set).\n"
}
