[2021-10-24 12:06:12.195] [exthost] [info] extension host started
[2021-10-24 12:06:12.195] [exthost] [info] Skipping acquiring lock for /home/habi/.config/Code - OSS/User/workspaceStorage/9c66137d7930f32752a2f51d1c49784e.
[2021-10-24 12:06:12.451] [exthost] [info] ExtensionService#_doActivateExtension vscode.debug-auto-launch, startup: true, activationEvent: '*'
[2021-10-24 12:06:12.451] [exthost] [info] ExtensionService#loadCommonJSModule file:///usr/lib/code/extensions/debug-auto-launch/dist/extension
[2021-10-24 12:06:12.454] [exthost] [info] ExtensionService#_doActivateExtension vscode.git, startup: true, activationEvent: '*', root cause: vscode.github
[2021-10-24 12:06:12.454] [exthost] [info] ExtensionService#loadCommonJSModule file:///usr/lib/code/extensions/git/dist/main
[2021-10-24 12:06:12.471] [exthost] [info] ExtensionService#_doActivateExtension PKief.material-icon-theme, startup: true, activationEvent: '*'
[2021-10-24 12:06:12.471] [exthost] [info] ExtensionService#loadCommonJSModule file:///home/habi/.vscode-oss/extensions/pkief.material-icon-theme-4.10.0/dist/extension
[2021-10-24 12:06:12.620] [exthost] [info] ExtensionService#_doActivateExtension vscode.github, startup: true, activationEvent: '*'
[2021-10-24 12:06:12.620] [exthost] [info] ExtensionService#loadCommonJSModule file:///usr/lib/code/extensions/github/dist/extension.js
[2021-10-24 12:06:12.645] [exthost] [info] ExtensionService#_doActivateExtension ms-vscode.js-debug, startup: false, activationEvent: 'onCommand:extension.js-debug.clearAutoAttachVariables'
[2021-10-24 12:06:12.645] [exthost] [info] ExtensionService#loadCommonJSModule file:///usr/lib/code/extensions/ms-vscode.js-debug/src/extension.js
[2021-10-24 12:06:12.762] [exthost] [info] eager extensions activated
[2021-10-24 12:06:12.800] [exthost] [info] ExtensionService#_doActivateExtension vscode.emmet, startup: false, activationEvent: 'onStartupFinished'
[2021-10-24 12:06:12.800] [exthost] [info] ExtensionService#loadCommonJSModule file:///usr/lib/code/extensions/emmet/dist/node/emmetNodeMain
[2021-10-24 12:06:12.806] [exthost] [info] ExtensionService#_doActivateExtension vscode.merge-conflict, startup: false, activationEvent: 'onStartupFinished'
[2021-10-24 12:06:12.806] [exthost] [info] ExtensionService#loadCommonJSModule file:///usr/lib/code/extensions/merge-conflict/dist/mergeConflictMain
[2021-10-24 12:06:56.664] [exthost] [info] extension host terminating: renderer closed the socket
[2021-10-24 12:06:57.674] [exthost] [info] exiting with code 0
[2021-10-24 12:06:59.072] [exthost] [info] extension host started
[2021-10-24 12:06:59.072] [exthost] [info] Skipping acquiring lock for /home/habi/.config/Code - OSS/User/workspaceStorage/f5047618b76486e94e185014e4383d02.
[2021-10-24 12:06:59.141] [exthost] [info] ExtensionService#_doActivateExtension vscode.debug-auto-launch, startup: true, activationEvent: '*'
[2021-10-24 12:06:59.142] [exthost] [info] ExtensionService#loadCommonJSModule file:///usr/lib/code/extensions/debug-auto-launch/dist/extension
[2021-10-24 12:06:59.144] [exthost] [info] ExtensionService#_doActivateExtension vscode.git, startup: true, activationEvent: '*', root cause: vscode.github
[2021-10-24 12:06:59.145] [exthost] [info] ExtensionService#loadCommonJSModule file:///usr/lib/code/extensions/git/dist/main
[2021-10-24 12:06:59.159] [exthost] [info] ExtensionService#_doActivateExtension PKief.material-icon-theme, startup: true, activationEvent: '*'
[2021-10-24 12:06:59.159] [exthost] [info] ExtensionService#loadCommonJSModule file:///home/habi/.vscode-oss/extensions/pkief.material-icon-theme-4.10.0/dist/extension
[2021-10-24 12:06:59.226] [exthost] [info] ExtensionService#_doActivateExtension vscode.github, startup: true, activationEvent: '*'
[2021-10-24 12:06:59.233] [exthost] [info] ExtensionService#loadCommonJSModule file:///usr/lib/code/extensions/github/dist/extension.js
[2021-10-24 12:06:59.238] [exthost] [info] ExtensionService#_doActivateExtension ms-vscode.js-debug, startup: false, activationEvent: 'onCommand:extension.js-debug.clearAutoAttachVariables'
[2021-10-24 12:06:59.238] [exthost] [info] ExtensionService#loadCommonJSModule file:///usr/lib/code/extensions/ms-vscode.js-debug/src/extension.js
[2021-10-24 12:06:59.348] [exthost] [info] eager extensions activated
[2021-10-24 12:06:59.356] [exthost] [info] ExtensionService#_doActivateExtension vscode.emmet, startup: false, activationEvent: 'onStartupFinished'
[2021-10-24 12:06:59.356] [exthost] [info] ExtensionService#loadCommonJSModule file:///usr/lib/code/extensions/emmet/dist/node/emmetNodeMain
[2021-10-24 12:06:59.361] [exthost] [info] ExtensionService#_doActivateExtension vscode.merge-conflict, startup: false, activationEvent: 'onStartupFinished'
[2021-10-24 12:06:59.361] [exthost] [info] ExtensionService#loadCommonJSModule file:///usr/lib/code/extensions/merge-conflict/dist/mergeConflictMain
[2021-10-24 12:08:27.063] [exthost] [info] extension host terminating: renderer closed the socket
[2021-10-24 12:08:28.075] [exthost] [info] exiting with code 0
[2021-10-24 12:08:29.484] [exthost] [info] extension host started
[2021-10-24 12:08:29.484] [exthost] [info] Skipping acquiring lock for /home/habi/.config/Code - OSS/User/workspaceStorage/484e9c0b3d8079bf5edb4d50e858935f.
[2021-10-24 12:08:29.586] [exthost] [info] ExtensionService#_doActivateExtension vscode.debug-auto-launch, startup: true, activationEvent: '*'
[2021-10-24 12:08:29.586] [exthost] [info] ExtensionService#loadCommonJSModule file:///usr/lib/code/extensions/debug-auto-launch/dist/extension
[2021-10-24 12:08:29.589] [exthost] [info] ExtensionService#_doActivateExtension vscode.git, startup: true, activationEvent: '*', root cause: vscode.github
[2021-10-24 12:08:29.590] [exthost] [info] ExtensionService#loadCommonJSModule file:///usr/lib/code/extensions/git/dist/main
[2021-10-24 12:08:29.605] [exthost] [info] ExtensionService#_doActivateExtension PKief.material-icon-theme, startup: true, activationEvent: '*'
[2021-10-24 12:08:29.605] [exthost] [info] ExtensionService#loadCommonJSModule file:///home/habi/.vscode-oss/extensions/pkief.material-icon-theme-4.10.0/dist/extension
[2021-10-24 12:08:29.732] [exthost] [info] ExtensionService#_doActivateExtension vscode.github, startup: true, activationEvent: '*'
[2021-10-24 12:08:29.732] [exthost] [info] ExtensionService#loadCommonJSModule file:///usr/lib/code/extensions/github/dist/extension.js
[2021-10-24 12:08:29.741] [exthost] [info] eager extensions activated
[2021-10-24 12:08:29.759] [exthost] [info] ExtensionService#_doActivateExtension ms-vscode.js-debug, startup: false, activationEvent: 'onCommand:extension.js-debug.clearAutoAttachVariables'
[2021-10-24 12:08:29.759] [exthost] [info] ExtensionService#loadCommonJSModule file:///usr/lib/code/extensions/ms-vscode.js-debug/src/extension.js
[2021-10-24 12:08:29.871] [exthost] [info] ExtensionService#_doActivateExtension vscode.emmet, startup: false, activationEvent: 'onStartupFinished'
[2021-10-24 12:08:29.871] [exthost] [info] ExtensionService#loadCommonJSModule file:///usr/lib/code/extensions/emmet/dist/node/emmetNodeMain
[2021-10-24 12:08:29.876] [exthost] [info] ExtensionService#_doActivateExtension vscode.merge-conflict, startup: false, activationEvent: 'onStartupFinished'
[2021-10-24 12:08:29.876] [exthost] [info] ExtensionService#loadCommonJSModule file:///usr/lib/code/extensions/merge-conflict/dist/mergeConflictMain
[2021-10-24 12:09:50.067] [exthost] [info] extension host terminating: renderer closed the socket
[2021-10-24 12:09:51.075] [exthost] [info] exiting with code 0
