Validating found git in: git
Using git 2.33.1 from git
Opening repository for path='/etc/lightdm' failed; ex=Failed to execute git {
  "exitCode": 128,
  "gitErrorCode": "NotAGitRepository",
  "gitCommand": "rev-parse",
  "stdout": "",
  "stderr": "fatal: not a git repository (or any of the parent directories): .git\n"
}
Opening repository for path='/etc/lightdm' failed; ex=Failed to execute git {
  "exitCode": 128,
  "gitErrorCode": "NotAGitRepository",
  "gitCommand": "rev-parse",
  "stdout": "",
  "stderr": "fatal: not a git repository (or any of the parent directories): .git\n"
}
Opening repository for path='/etc/lightdm/Xsession' failed; ex=Error: spawn ENOTDIR
Opening repository for path='/etc/lightdm/keys.conf' failed; ex=Error: spawn ENOTDIR
Opening repository for path='/etc/lightdm/lightdm-gtk-greeter.conf' failed; ex=Error: spawn ENOTDIR
Opening repository for path='/etc/lightdm/lightdm-webkit2-greeter.conf' failed; ex=Error: spawn ENOTDIR
Opening repository for path='/etc/lightdm/lightdm.conf' failed; ex=Error: spawn ENOTDIR
Opening repository for path='/etc/lightdm/users.conf' failed; ex=Error: spawn ENOTDIR
Opening repository for path='/etc/lightdm' failed; ex=Failed to execute git {
  "exitCode": 128,
  "gitErrorCode": "NotAGitRepository",
  "gitCommand": "rev-parse",
  "stdout": "",
  "stderr": "fatal: not a git repository (or any of the parent directories): .git\n"
}
Opening repository for path='/etc/lightdm' failed; ex=Failed to execute git {
  "exitCode": 128,
  "gitErrorCode": "NotAGitRepository",
  "gitCommand": "rev-parse",
  "stdout": "",
  "stderr": "fatal: not a git repository (or any of the parent directories): .git\n"
}
Opening repository for path='/etc/lightdm' failed; ex=Failed to execute git {
  "exitCode": 128,
  "gitErrorCode": "NotAGitRepository",
  "gitCommand": "rev-parse",
  "stdout": "",
  "stderr": "fatal: not a git repository (or any of the parent directories): .git\n"
}
Opening repository for path='/etc/lightdm' failed; ex=Failed to execute git {
  "exitCode": 128,
  "gitErrorCode": "NotAGitRepository",
  "gitCommand": "rev-parse",
  "stdout": "",
  "stderr": "fatal: not a git repository (or any of the parent directories): .git\n"
}
Opening repository for path='/etc/lightdm' failed; ex=Failed to execute git {
  "exitCode": 128,
  "gitErrorCode": "NotAGitRepository",
  "gitCommand": "rev-parse",
  "stdout": "",
  "stderr": "fatal: not a git repository (or any of the parent directories): .git\n"
}
